Using pre-set license
Built from '2020.2/staging' branch; Version is '2020.2.6f1 (8a2143876886) revision 9052483'; Using compiler version '192528614'; Build Type 'Release'
OS: 'Windows 10 Home; OS build 18363.1440; Version 1909; 64bit' Language: 'en' Physical Memory: 8058 MB
BatchMode: 1, IsHumanControllingUs: 0, StartBugReporterOnCrash: 0, Is64bit: 1, IsPro: 0

 COMMAND LINE ARGUMENTS:
C:\Program Files\Unity\Editor\Unity.exe
-adb2
-batchMode
-noUpm
-name
AssetImportWorker0
-projectPath
C:/Users/ninit/OneDrive/Desktop/Weebs Unite!/Weebs Unite!
-logFile
Logs/AssetImportWorker0.log
-srvPort
53174
Successfully changed project path to: C:/Users/ninit/OneDrive/Desktop/Weebs Unite!/Weebs Unite!
C:/Users/ninit/OneDrive/Desktop/Weebs Unite!/Weebs Unite!
Using Asset Import Pipeline V2.
Refreshing native plugins compatible for Editor in 44.85 ms, found 1 plugins.
Preloading 0 native plugins for Editor in 0.00 ms.
Initialize engine version: 2020.2.6f1 (8a2143876886)
[Subsystems] Discovering subsystems at path C:/Program Files/Unity/Editor/Data/Resources/UnitySubsystems
[Subsystems] Discovering subsystems at path C:/Users/ninit/OneDrive/Desktop/Weebs Unite!/Weebs Unite!/Assets
GfxDevice: creating device client; threaded=0
Direct3D:
    Version:  Direct3D 11.0 [level 11.1]
    Renderer: NVIDIA GeForce GTX 1050 (ID=0x1c8d)
    Vendor:   
    VRAM:     4019 MB
    Driver:   27.21.14.5167
Initialize mono
Mono path[0] = 'C:/Program Files/Unity/Editor/Data/Managed'
Mono path[1] = 'C:/Program Files/Unity/Editor/Data/MonoBleedingEdge/lib/mono/unityjit'
Mono config path = 'C:/Program Files/Unity/Editor/Data/MonoBleedingEdge/etc'
Using monoOptions --debugger-agent=transport=dt_socket,embedding=1,server=y,suspend=n,address=127.0.0.1:56784
Begin MonoManager ReloadAssembly
Registering precompiled unity dll's ...
Register platform support module: C:/Program Files/Unity/Editor/Data/PlaybackEngines/WindowsStandaloneSupport/UnityEditor.WindowsStandalone.Extensions.dll
Registered in 0.002463 seconds.
Native extension for WindowsStandalone target not found
Refreshing native plugins compatible for Editor in 39.78 ms, found 1 plugins.
Preloading 0 native plugins for Editor in 0.00 ms.
Invoked RoslynAnalysisRunner static constructor.
RoslynAnalysisRunner will not be running.
RoslynAnalysisRunner has terminated.
Mono: successfully reloaded assembly
- Completed reload, in  1.238 seconds
Platform modules already initialized, skipping
Registering precompiled user dll's ...
Registered in 0.001115 seconds.
Begin MonoManager ReloadAssembly
Native extension for WindowsStandalone target not found
Refreshing native plugins compatible for Editor in 37.78 ms, found 1 plugins.
Preloading 0 native plugins for Editor in 0.00 ms.
Invoked RoslynAnalysisRunner static constructor.
RoslynAnalysisRunner will not be running.
RoslynAnalysisRunner has terminated.
Mono: successfully reloaded assembly
- Completed reload, in  1.043 seconds
Platform modules already initialized, skipping
========================================================================
Worker process is ready to serve import requests
Launched and connected shader compiler UnityShaderCompiler.exe after 0.05 seconds
Refreshing native plugins compatible for Editor in 0.47 ms, found 1 plugins.
Preloading 0 native plugins for Editor in 0.00 ms.
Unloading 1798 Unused Serialized files (Serialized files now loaded: 0)
System memory in use before: 84.4 MB.
System memory in use after: 84.4 MB.

Unloading 24 unused Assets to reduce memory usage. Loaded Objects now: 2240.
Total: 2.373000 ms (FindLiveObjects: 0.177300 ms CreateObjectMapping: 0.057000 ms MarkObjects: 1.949400 ms  DeleteObjects: 0.187600 ms)

========================================================================
Received Import Request.
  path: Assets/Prefabs/Rooms/TLRB.prefab
  artifactKey: Guid(7b723b7766904e4468b9d724d96c0a71) Importer(815301076,1909f56bfc062723c751e8b465ee728b)
Start importing Assets/Prefabs/Rooms/TLRB.prefab using Guid(7b723b7766904e4468b9d724d96c0a71) Importer(815301076,1909f56bfc062723c751e8b465ee728b)  -> (artifact id: '27fdf1eca5365df3c1a1260d40c8ddd4') in 0.112118 seconds
  Import took 0.258980 seconds .

========================================================================
Received Import Request.
  Time since last request: 40.155547 seconds.
  path: Assets/Prefabs/Rooms/TLRB.prefab
  artifactKey: Guid(7b723b7766904e4468b9d724d96c0a71) Importer(815301076,1909f56bfc062723c751e8b465ee728b)
Start importing Assets/Prefabs/Rooms/TLRB.prefab using Guid(7b723b7766904e4468b9d724d96c0a71) Importer(815301076,1909f56bfc062723c751e8b465ee728b)  -> (artifact id: '8a363c355687b5942a294c8d04437ee8') in 0.030524 seconds
  Import took 0.085411 seconds .

========================================================================
Received Import Request.
  Time since last request: 11.358485 seconds.
  path: Assets/Scripts/Destroyer.cs
  artifactKey: Guid(c210a507ce30627499122e4793b51985) Importer(815301076,1909f56bfc062723c751e8b465ee728b)
Start importing Assets/Scripts/Destroyer.cs using Guid(c210a507ce30627499122e4793b51985) Importer(815301076,1909f56bfc062723c751e8b465ee728b)  -> (artifact id: 'c03da38ac50b7b447da99117d535ceea') in 0.027308 seconds
  Import took 0.034817 seconds .

========================================================================
Received Prepare
Registering precompiled user dll's ...
Registered in 0.001728 seconds.
Begin MonoManager ReloadAssembly
Native extension for WindowsStandalone target not found
Refreshing native plugins compatible for Editor in 0.40 ms, found 1 plugins.
Preloading 0 native plugins for Editor in 0.00 ms.
Invoked RoslynAnalysisRunner static constructor.
RoslynAnalysisRunner will not be running.
RoslynAnalysisRunner has terminated.
Mono: successfully reloaded assembly
- Completed reload, in  1.059 seconds
Platform modules already initialized, skipping
Refreshing native plugins compatible for Editor in 0.36 ms, found 1 plugins.
Preloading 0 native plugins for Editor in 0.00 ms.
Unloading 1794 Unused Serialized files (Serialized files now loaded: 0)
System memory in use before: 87.5 MB.
System memory in use after: 87.5 MB.

Unloading 12 unused Assets to reduce memory usage. Loaded Objects now: 2251.
Total: 2.476000 ms (FindLiveObjects: 0.229300 ms CreateObjectMapping: 0.086100 ms MarkObjects: 2.030900 ms  DeleteObjects: 0.128200 ms)

========================================================================
Received Prepare
Registering precompiled user dll's ...
Registered in 0.001072 seconds.
Begin MonoManager ReloadAssembly
Native extension for WindowsStandalone target not found
Refreshing native plugins compatible for Editor in 0.44 ms, found 1 plugins.
Preloading 0 native plugins for Editor in 0.00 ms.
Invoked RoslynAnalysisRunner static constructor.
RoslynAnalysisRunner will not be running.
RoslynAnalysisRunner has terminated.
Mono: successfully reloaded assembly
- Completed reload, in  1.313 seconds
Platform modules already initialized, skipping
Refreshing native plugins compatible for Editor in 0.40 ms, found 1 plugins.
Preloading 0 native plugins for Editor in 0.00 ms.
Unloading 1794 Unused Serialized files (Serialized files now loaded: 0)
System memory in use before: 87.6 MB.
System memory in use after: 87.6 MB.

Unloading 12 unused Assets to reduce memory usage. Loaded Objects now: 2254.
Total: 2.309800 ms (FindLiveObjects: 0.228100 ms CreateObjectMapping: 0.076300 ms MarkObjects: 1.853200 ms  DeleteObjects: 0.150900 ms)

========================================================================
Received Prepare
Registering precompiled user dll's ...
Registered in 0.002069 seconds.
Begin MonoManager ReloadAssembly
Native extension for WindowsStandalone target not found
Refreshing native plugins compatible for Editor in 0.36 ms, found 1 plugins.
Preloading 0 native plugins for Editor in 0.00 ms.
Invoked RoslynAnalysisRunner static constructor.
RoslynAnalysisRunner will not be running.
RoslynAnalysisRunner has terminated.
Mono: successfully reloaded assembly
- Completed reload, in  0.982 seconds
Platform modules already initialized, skipping
Refreshing native plugins compatible for Editor in 0.35 ms, found 1 plugins.
Preloading 0 native plugins for Editor in 0.00 ms.
Unloading 1794 Unused Serialized files (Serialized files now loaded: 0)
System memory in use before: 87.6 MB.
System memory in use after: 87.6 MB.

Unloading 12 unused Assets to reduce memory usage. Loaded Objects now: 2257.
Total: 2.448800 ms (FindLiveObjects: 0.231700 ms CreateObjectMapping: 0.088000 ms MarkObjects: 1.993500 ms  DeleteObjects: 0.134400 ms)

========================================================================
Received Import Request.
  Time since last request: 127.019000 seconds.
  path: Assets/Scripts/Destroyer.cs
  artifactKey: Guid(c210a507ce30627499122e4793b51985) Importer(815301076,1909f56bfc062723c751e8b465ee728b)
Start importing Assets/Scripts/Destroyer.cs using Guid(c210a507ce30627499122e4793b51985) Importer(815301076,1909f56bfc062723c751e8b465ee728b)  -> (artifact id: 'f48886e3dc0ca9468a41cc11b756557b') in 0.007078 seconds
  Import took 0.021116 seconds .

========================================================================
Received Import Request.
  Time since last request: 0.002934 seconds.
  path: Assets/Scripts/Destroyer.cs
  artifactKey: Guid(c210a507ce30627499122e4793b51985) Importer(815301076,1909f56bfc062723c751e8b465ee728b)
Start importing Assets/Scripts/Destroyer.cs using Guid(c210a507ce30627499122e4793b51985) Importer(815301076,1909f56bfc062723c751e8b465ee728b)  -> (artifact id: 'f48886e3dc0ca9468a41cc11b756557b') in 0.003709 seconds
  Import took 0.008423 seconds .

========================================================================
Received Prepare
Registering precompiled user dll's ...
Registered in 0.001102 seconds.
Begin MonoManager ReloadAssembly
Native extension for WindowsStandalone target not found
Refreshing native plugins compatible for Editor in 0.48 ms, found 1 plugins.
Preloading 0 native plugins for Editor in 0.00 ms.
Invoked RoslynAnalysisRunner static constructor.
RoslynAnalysisRunner will not be running.
RoslynAnalysisRunner has terminated.
Mono: successfully reloaded assembly
- Completed reload, in  0.984 seconds
Platform modules already initialized, skipping
Refreshing native plugins compatible for Editor in 0.35 ms, found 1 plugins.
Preloading 0 native plugins for Editor in 0.00 ms.
Unloading 1794 Unused Serialized files (Serialized files now loaded: 0)
System memory in use before: 87.6 MB.
System memory in use after: 87.6 MB.

Unloading 12 unused Assets to reduce memory usage. Loaded Objects now: 2260.
Total: 2.560300 ms (FindLiveObjects: 0.369800 ms CreateObjectMapping: 0.110400 ms MarkObjects: 1.923700 ms  DeleteObjects: 0.155500 ms)

========================================================================
Received Prepare
Registering precompiled user dll's ...
Registered in 0.001364 seconds.
Begin MonoManager ReloadAssembly
Native extension for WindowsStandalone target not found
Refreshing native plugins compatible for Editor in 0.35 ms, found 1 plugins.
Preloading 0 native plugins for Editor in 0.00 ms.
Invoked RoslynAnalysisRunner static constructor.
RoslynAnalysisRunner will not be running.
RoslynAnalysisRunner has terminated.
Mono: successfully reloaded assembly
- Completed reload, in  0.970 seconds
Platform modules already initialized, skipping
Refreshing native plugins compatible for Editor in 0.35 ms, found 1 plugins.
Preloading 0 native plugins for Editor in 0.00 ms.
Unloading 1794 Unused Serialized files (Serialized files now loaded: 0)
System memory in use before: 87.6 MB.
System memory in use after: 87.6 MB.

Unloading 12 unused Assets to reduce memory usage. Loaded Objects now: 2263.
Total: 2.584500 ms (FindLiveObjects: 0.231900 ms CreateObjectMapping: 0.089200 ms MarkObjects: 2.123800 ms  DeleteObjects: 0.138400 ms)

========================================================================
Received Import Request.
  Time since last request: 123.047625 seconds.
  path: Assets/Prefabs/Rooms/TLRB.prefab
  artifactKey: Guid(7b723b7766904e4468b9d724d96c0a71) Importer(815301076,1909f56bfc062723c751e8b465ee728b)
Start importing Assets/Prefabs/Rooms/TLRB.prefab using Guid(7b723b7766904e4468b9d724d96c0a71) Importer(815301076,1909f56bfc062723c751e8b465ee728b)  -> (artifact id: '72b9eb1fe7845a1a1bed48da42216292') in 0.068280 seconds
  Import took 0.073037 seconds .

========================================================================
Received Import Request.
  Time since last request: 17.348076 seconds.
  path: Assets/Prefabs/Rooms/TLRB.prefab
  artifactKey: Guid(7b723b7766904e4468b9d724d96c0a71) Importer(815301076,1909f56bfc062723c751e8b465ee728b)
Start importing Assets/Prefabs/Rooms/TLRB.prefab using Guid(7b723b7766904e4468b9d724d96c0a71) Importer(815301076,1909f56bfc062723c751e8b465ee728b)  -> (artifact id: 'ea69f743bf3312f9fc44d16ff6fdc147') in 0.022296 seconds
  Import took 0.028516 seconds .

========================================================================
Received Import Request.
  Time since last request: 8.003348 seconds.
  path: Assets/Prefabs/Rooms/TLRB.prefab
  artifactKey: Guid(7b723b7766904e4468b9d724d96c0a71) Importer(815301076,1909f56bfc062723c751e8b465ee728b)
Start importing Assets/Prefabs/Rooms/TLRB.prefab using Guid(7b723b7766904e4468b9d724d96c0a71) Importer(815301076,1909f56bfc062723c751e8b465ee728b)  -> (artifact id: '82493da56acd944163035610ab121ce0') in 0.020959 seconds
  Import took 0.026010 seconds .

========================================================================
Received Import Request.
  Time since last request: 4.458383 seconds.
  path: Assets/Prefabs/Rooms/TLRB.prefab
  artifactKey: Guid(7b723b7766904e4468b9d724d96c0a71) Importer(815301076,1909f56bfc062723c751e8b465ee728b)
Start importing Assets/Prefabs/Rooms/TLRB.prefab using Guid(7b723b7766904e4468b9d724d96c0a71) Importer(815301076,1909f56bfc062723c751e8b465ee728b)  -> (artifact id: 'c43f16eafd77e788f2955f9f39c5f761') in 0.016381 seconds
  Import took 0.038705 seconds .

========================================================================
Received Import Request.
  Time since last request: 4.211060 seconds.
  path: Assets/Prefabs/Rooms/TLRB.prefab
  artifactKey: Guid(7b723b7766904e4468b9d724d96c0a71) Importer(815301076,1909f56bfc062723c751e8b465ee728b)
Start importing Assets/Prefabs/Rooms/TLRB.prefab using Guid(7b723b7766904e4468b9d724d96c0a71) Importer(815301076,1909f56bfc062723c751e8b465ee728b)  -> (artifact id: '26b9930dbdfce6cfcb700279aa03554a') in 0.016592 seconds
  Import took 0.022603 seconds .

========================================================================
Received Import Request.
  Time since last request: 4.301207 seconds.
  path: Assets/Prefabs/Rooms/TLRB.prefab
  artifactKey: Guid(7b723b7766904e4468b9d724d96c0a71) Importer(815301076,1909f56bfc062723c751e8b465ee728b)
Start importing Assets/Prefabs/Rooms/TLRB.prefab using Guid(7b723b7766904e4468b9d724d96c0a71) Importer(815301076,1909f56bfc062723c751e8b465ee728b)  -> (artifact id: '9e42f211f4b905be7e0238c2463a0747') in 0.017027 seconds
  Import took 0.062761 seconds .

========================================================================
Received Import Request.
  Time since last request: 2.763039 seconds.
  path: Assets/Prefabs/Rooms/TLRB.prefab
  artifactKey: Guid(7b723b7766904e4468b9d724d96c0a71) Importer(815301076,1909f56bfc062723c751e8b465ee728b)
Start importing Assets/Prefabs/Rooms/TLRB.prefab using Guid(7b723b7766904e4468b9d724d96c0a71) Importer(815301076,1909f56bfc062723c751e8b465ee728b)  -> (artifact id: '92c081c6fc4e8ec6fb7959a0cefff40d') in 0.015913 seconds
  Import took 0.027523 seconds .

========================================================================
Received Import Request.
  Time since last request: 3.796947 seconds.
  path: Assets/Prefabs/Rooms/TLRB.prefab
  artifactKey: Guid(7b723b7766904e4468b9d724d96c0a71) Importer(815301076,1909f56bfc062723c751e8b465ee728b)
Start importing Assets/Prefabs/Rooms/TLRB.prefab using Guid(7b723b7766904e4468b9d724d96c0a71) Importer(815301076,1909f56bfc062723c751e8b465ee728b)  -> (artifact id: '5ca379e11e94cbb4f101938c928b53a8') in 0.015355 seconds
  Import took 0.050494 seconds .

========================================================================
Received Import Request.
  Time since last request: 4.278875 seconds.
  path: Assets/Prefabs/Rooms/TLRB.prefab
  artifactKey: Guid(7b723b7766904e4468b9d724d96c0a71) Importer(815301076,1909f56bfc062723c751e8b465ee728b)
Start importing Assets/Prefabs/Rooms/TLRB.prefab using Guid(7b723b7766904e4468b9d724d96c0a71) Importer(815301076,1909f56bfc062723c751e8b465ee728b)  -> (artifact id: 'a2bafeb2033876598b8f8680d5af62b4') in 0.019094 seconds
  Import took 0.267177 seconds .

========================================================================
Received Import Request.
  Time since last request: 2.819724 seconds.
  path: Assets/Prefabs/Rooms/TLRB.prefab
  artifactKey: Guid(7b723b7766904e4468b9d724d96c0a71) Importer(815301076,1909f56bfc062723c751e8b465ee728b)
Start importing Assets/Prefabs/Rooms/TLRB.prefab using Guid(7b723b7766904e4468b9d724d96c0a71) Importer(815301076,1909f56bfc062723c751e8b465ee728b)  -> (artifact id: '0ced087a8d23c56fbbcb1f9e513ffc7f') in 0.017179 seconds
  Import took 0.119889 seconds .

========================================================================
Received Import Request.
  Time since last request: 2.287485 seconds.
  path: Assets/Prefabs/Rooms/TLRB.prefab
  artifactKey: Guid(7b723b7766904e4468b9d724d96c0a71) Importer(815301076,1909f56bfc062723c751e8b465ee728b)
Start importing Assets/Prefabs/Rooms/TLRB.prefab using Guid(7b723b7766904e4468b9d724d96c0a71) Importer(815301076,1909f56bfc062723c751e8b465ee728b)  -> (artifact id: 'eec9a60268525cfcceeba2a558c4e6ae') in 0.015607 seconds
  Import took 0.019506 seconds .

========================================================================
Received Import Request.
  Time since last request: 7.733100 seconds.
  path: Assets/Prefabs/Rooms/TR.prefab
  artifactKey: Guid(57eb535c065adbc478ff16a341aeec7a) Importer(815301076,1909f56bfc062723c751e8b465ee728b)
Start importing Assets/Prefabs/Rooms/TR.prefab using Guid(57eb535c065adbc478ff16a341aeec7a) Importer(815301076,1909f56bfc062723c751e8b465ee728b)  -> (artifact id: '382ff087b47e8d73e46c6e1d6c785843') in 0.015084 seconds
  Import took 0.019000 seconds .

========================================================================
Received Import Request.
  Time since last request: 2.995765 seconds.
  path: Assets/Prefabs/Rooms/TR.prefab
  artifactKey: Guid(57eb535c065adbc478ff16a341aeec7a) Importer(815301076,1909f56bfc062723c751e8b465ee728b)
Start importing Assets/Prefabs/Rooms/TR.prefab using Guid(57eb535c065adbc478ff16a341aeec7a) Importer(815301076,1909f56bfc062723c751e8b465ee728b)  -> (artifact id: '6607e207e57083973f87157d201c1fb2') in 0.017422 seconds
  Import took 0.033391 seconds .

========================================================================
Received Import Request.
  Time since last request: 7.119756 seconds.
  path: Assets/Prefabs/Rooms/TR.prefab
  artifactKey: Guid(57eb535c065adbc478ff16a341aeec7a) Importer(815301076,1909f56bfc062723c751e8b465ee728b)
Start importing Assets/Prefabs/Rooms/TR.prefab using Guid(57eb535c065adbc478ff16a341aeec7a) Importer(815301076,1909f56bfc062723c751e8b465ee728b)  -> (artifact id: '9d35f802982d81d8cb98986b3cf36229') in 0.015793 seconds
  Import took 0.036421 seconds .

========================================================================
Received Import Request.
  Time since last request: 2.077724 seconds.
  path: Assets/Prefabs/Rooms/TR.prefab
  artifactKey: Guid(57eb535c065adbc478ff16a341aeec7a) Importer(815301076,1909f56bfc062723c751e8b465ee728b)
Start importing Assets/Prefabs/Rooms/TR.prefab using Guid(57eb535c065adbc478ff16a341aeec7a) Importer(815301076,1909f56bfc062723c751e8b465ee728b)  -> (artifact id: '3610a06dfb97508a2a596dbc1f1e0d9e') in 0.066273 seconds
  Import took 0.071699 seconds .

========================================================================
Received Import Request.
  Time since last request: 12.270587 seconds.
  path: Assets/Prefabs/Rooms/TL.prefab
  artifactKey: Guid(f3bfbd73af379cf43831268df8fbdb18) Importer(815301076,1909f56bfc062723c751e8b465ee728b)
Start importing Assets/Prefabs/Rooms/TL.prefab using Guid(f3bfbd73af379cf43831268df8fbdb18) Importer(815301076,1909f56bfc062723c751e8b465ee728b)  -> (artifact id: '7c244c8ca299f764e426629c6c344fa5') in 0.015104 seconds
  Import took 0.019590 seconds .

========================================================================
Received Import Request.
  Time since last request: 3.279754 seconds.
  path: Assets/Prefabs/Rooms/TL.prefab
  artifactKey: Guid(f3bfbd73af379cf43831268df8fbdb18) Importer(815301076,1909f56bfc062723c751e8b465ee728b)
Start importing Assets/Prefabs/Rooms/TL.prefab using Guid(f3bfbd73af379cf43831268df8fbdb18) Importer(815301076,1909f56bfc062723c751e8b465ee728b)  -> (artifact id: '12bc00d4d2da6bd63a0a30e0f5c3fec4') in 0.016029 seconds
  Import took 0.021078 seconds .

========================================================================
Received Import Request.
  Time since last request: 3.354949 seconds.
  path: Assets/Prefabs/Rooms/TL.prefab
  artifactKey: Guid(f3bfbd73af379cf43831268df8fbdb18) Importer(815301076,1909f56bfc062723c751e8b465ee728b)
Start importing Assets/Prefabs/Rooms/TL.prefab using Guid(f3bfbd73af379cf43831268df8fbdb18) Importer(815301076,1909f56bfc062723c751e8b465ee728b)  -> (artifact id: '62b71ace9526df1c2aa0f87a1ef4f221') in 0.016346 seconds
  Import took 0.065784 seconds .

========================================================================
Received Import Request.
  Time since last request: 3.743981 seconds.
  path: Assets/Prefabs/Rooms/TL.prefab
  artifactKey: Guid(f3bfbd73af379cf43831268df8fbdb18) Importer(815301076,1909f56bfc062723c751e8b465ee728b)
Start importing Assets/Prefabs/Rooms/TL.prefab using Guid(f3bfbd73af379cf43831268df8fbdb18) Importer(815301076,1909f56bfc062723c751e8b465ee728b)  -> (artifact id: '2e10ad5d0baf65bbba82517764046e74') in 0.097623 seconds
  Import took 0.105124 seconds .

========================================================================
Received Import Request.
  Time since last request: 7.387014 seconds.
  path: Assets/Prefabs/Rooms/TB.prefab
  artifactKey: Guid(e54d89758e863714aa4f3a73c6296eb3) Importer(815301076,1909f56bfc062723c751e8b465ee728b)
Start importing Assets/Prefabs/Rooms/TB.prefab using Guid(e54d89758e863714aa4f3a73c6296eb3) Importer(815301076,1909f56bfc062723c751e8b465ee728b)  -> (artifact id: '3c6a16b15f07a2a4814537c23c0e1c6b') in 0.015563 seconds
  Import took 0.020406 seconds .

========================================================================
Received Import Request.
  Time since last request: 2.616966 seconds.
  path: Assets/Prefabs/Rooms/TB.prefab
  artifactKey: Guid(e54d89758e863714aa4f3a73c6296eb3) Importer(815301076,1909f56bfc062723c751e8b465ee728b)
Start importing Assets/Prefabs/Rooms/TB.prefab using Guid(e54d89758e863714aa4f3a73c6296eb3) Importer(815301076,1909f56bfc062723c751e8b465ee728b)  -> (artifact id: '072e0a3025ac42fbe281155d5ff0f7e7') in 0.013994 seconds
  Import took 0.021016 seconds .

========================================================================
Received Import Request.
  Time since last request: 4.002174 seconds.
  path: Assets/Prefabs/Rooms/TB.prefab
  artifactKey: Guid(e54d89758e863714aa4f3a73c6296eb3) Importer(815301076,1909f56bfc062723c751e8b465ee728b)
Start importing Assets/Prefabs/Rooms/TB.prefab using Guid(e54d89758e863714aa4f3a73c6296eb3) Importer(815301076,1909f56bfc062723c751e8b465ee728b)  -> (artifact id: '3887cbfb1fcc38ba2a33ca5b69d4821d') in 0.021440 seconds
  Import took 0.025768 seconds .

========================================================================
Received Import Request.
  Time since last request: 2.221860 seconds.
  path: Assets/Prefabs/Rooms/TB.prefab
  artifactKey: Guid(e54d89758e863714aa4f3a73c6296eb3) Importer(815301076,1909f56bfc062723c751e8b465ee728b)
Start importing Assets/Prefabs/Rooms/TB.prefab using Guid(e54d89758e863714aa4f3a73c6296eb3) Importer(815301076,1909f56bfc062723c751e8b465ee728b)  -> (artifact id: '3568283092af188da801b2e3a12748bf') in 0.015853 seconds
  Import took 0.021068 seconds .

========================================================================
Received Import Request.
  Time since last request: 8.251493 seconds.
  path: Assets/Prefabs/Rooms/T.prefab
  artifactKey: Guid(f67006593c745cf4db584ba84f61162e) Importer(815301076,1909f56bfc062723c751e8b465ee728b)
Start importing Assets/Prefabs/Rooms/T.prefab using Guid(f67006593c745cf4db584ba84f61162e) Importer(815301076,1909f56bfc062723c751e8b465ee728b)  -> (artifact id: 'd58118585ed29599a7133223ee82748f') in 0.015250 seconds
  Import took 0.019450 seconds .

========================================================================
Received Import Request.
  Time since last request: 5.079821 seconds.
  path: Assets/Prefabs/Rooms/T.prefab
  artifactKey: Guid(f67006593c745cf4db584ba84f61162e) Importer(815301076,1909f56bfc062723c751e8b465ee728b)
Start importing Assets/Prefabs/Rooms/T.prefab using Guid(f67006593c745cf4db584ba84f61162e) Importer(815301076,1909f56bfc062723c751e8b465ee728b)  -> (artifact id: '96d91fa93bfbd8bfe4a8191b4227f072') in 0.015698 seconds
  Import took 0.021369 seconds .

========================================================================
Received Import Request.
  Time since last request: 10.255577 seconds.
  path: Assets/Prefabs/Rooms/RB.prefab
  artifactKey: Guid(4d1d50ec53ec4134298e8003a93c3c45) Importer(815301076,1909f56bfc062723c751e8b465ee728b)
Start importing Assets/Prefabs/Rooms/RB.prefab using Guid(4d1d50ec53ec4134298e8003a93c3c45) Importer(815301076,1909f56bfc062723c751e8b465ee728b)  -> (artifact id: 'b3a756aea7482657fb84a169405f0e5b') in 0.016493 seconds
  Import took 0.023813 seconds .

========================================================================
Received Import Request.
  Time since last request: 2.932141 seconds.
  path: Assets/Prefabs/Rooms/RB.prefab
  artifactKey: Guid(4d1d50ec53ec4134298e8003a93c3c45) Importer(815301076,1909f56bfc062723c751e8b465ee728b)
Start importing Assets/Prefabs/Rooms/RB.prefab using Guid(4d1d50ec53ec4134298e8003a93c3c45) Importer(815301076,1909f56bfc062723c751e8b465ee728b)  -> (artifact id: '0537043842e11277c753f08c718f7082') in 0.014876 seconds
  Import took 0.018888 seconds .

========================================================================
Received Import Request.
  Time since last request: 3.549565 seconds.
  path: Assets/Prefabs/Rooms/RB.prefab
  artifactKey: Guid(4d1d50ec53ec4134298e8003a93c3c45) Importer(815301076,1909f56bfc062723c751e8b465ee728b)
Start importing Assets/Prefabs/Rooms/RB.prefab using Guid(4d1d50ec53ec4134298e8003a93c3c45) Importer(815301076,1909f56bfc062723c751e8b465ee728b)  -> (artifact id: '7a5e0c62b93dd627d2890e83c64abffe') in 0.015354 seconds
  Import took 0.019570 seconds .

========================================================================
Received Import Request.
  Time since last request: 2.698885 seconds.
  path: Assets/Prefabs/Rooms/RB.prefab
  artifactKey: Guid(4d1d50ec53ec4134298e8003a93c3c45) Importer(815301076,1909f56bfc062723c751e8b465ee728b)
Start importing Assets/Prefabs/Rooms/RB.prefab using Guid(4d1d50ec53ec4134298e8003a93c3c45) Importer(815301076,1909f56bfc062723c751e8b465ee728b)  -> (artifact id: 'e6c30c90cac3118c37455c47a2da5561') in 0.016868 seconds
  Import took 0.519730 seconds .

========================================================================
Received Import Request.
  Time since last request: 5.752789 seconds.
  path: Assets/Prefabs/Rooms/R.prefab
  artifactKey: Guid(153ca55493dbc504fbc979e50e46cc16) Importer(815301076,1909f56bfc062723c751e8b465ee728b)
Start importing Assets/Prefabs/Rooms/R.prefab using Guid(153ca55493dbc504fbc979e50e46cc16) Importer(815301076,1909f56bfc062723c751e8b465ee728b)  -> (artifact id: '5d3bae206d2666af82ed5d0ef647042d') in 0.016639 seconds
  Import took 0.021132 seconds .

========================================================================
Received Import Request.
  Time since last request: 2.086621 seconds.
  path: Assets/Prefabs/Rooms/R.prefab
  artifactKey: Guid(153ca55493dbc504fbc979e50e46cc16) Importer(815301076,1909f56bfc062723c751e8b465ee728b)
Start importing Assets/Prefabs/Rooms/R.prefab using Guid(153ca55493dbc504fbc979e50e46cc16) Importer(815301076,1909f56bfc062723c751e8b465ee728b)  -> (artifact id: '4f449a6626636b74421257d7b9881bbb') in 0.018684 seconds
  Import took 0.033796 seconds .

========================================================================
Received Import Request.
  Time since last request: 5.442215 seconds.
  path: Assets/Prefabs/Rooms/LR.prefab
  artifactKey: Guid(430ea380524c1fc4d9aa3af7d729e813) Importer(815301076,1909f56bfc062723c751e8b465ee728b)
Start importing Assets/Prefabs/Rooms/LR.prefab using Guid(430ea380524c1fc4d9aa3af7d729e813) Importer(815301076,1909f56bfc062723c751e8b465ee728b)  -> (artifact id: '11dffced0fcd8cf1a2f2bd8e7a8a6b98') in 0.020767 seconds
  Import took 0.058830 seconds .

========================================================================
Received Import Request.
  Time since last request: 2.423074 seconds.
  path: Assets/Prefabs/Rooms/LR.prefab
  artifactKey: Guid(430ea380524c1fc4d9aa3af7d729e813) Importer(815301076,1909f56bfc062723c751e8b465ee728b)
Start importing Assets/Prefabs/Rooms/LR.prefab using Guid(430ea380524c1fc4d9aa3af7d729e813) Importer(815301076,1909f56bfc062723c751e8b465ee728b)  -> (artifact id: 'ec20e550d7741aa403861e652cf74ee0') in 0.016235 seconds
  Import took 0.022238 seconds .

========================================================================
Received Import Request.
  Time since last request: 4.553885 seconds.
  path: Assets/Prefabs/Rooms/LR.prefab
  artifactKey: Guid(430ea380524c1fc4d9aa3af7d729e813) Importer(815301076,1909f56bfc062723c751e8b465ee728b)
Start importing Assets/Prefabs/Rooms/LR.prefab using Guid(430ea380524c1fc4d9aa3af7d729e813) Importer(815301076,1909f56bfc062723c751e8b465ee728b)  -> (artifact id: 'd6a5d554409f9a73d99c1abbe821c4f9') in 0.017350 seconds
  Import took 0.203720 seconds .

========================================================================
Received Import Request.
  Time since last request: 1.735029 seconds.
  path: Assets/Prefabs/Rooms/LR.prefab
  artifactKey: Guid(430ea380524c1fc4d9aa3af7d729e813) Importer(815301076,1909f56bfc062723c751e8b465ee728b)
Start importing Assets/Prefabs/Rooms/LR.prefab using Guid(430ea380524c1fc4d9aa3af7d729e813) Importer(815301076,1909f56bfc062723c751e8b465ee728b)  -> (artifact id: 'd4b16b33c247b4848c20e2a4820b8dce') in 0.014197 seconds
  Import took 0.018078 seconds .

========================================================================
Received Import Request.
  Time since last request: 14.080347 seconds.
  path: Assets/Prefabs/Rooms/LB.prefab
  artifactKey: Guid(8a778d3675bde254e88befaec4e47cf1) Importer(815301076,1909f56bfc062723c751e8b465ee728b)
Start importing Assets/Prefabs/Rooms/LB.prefab using Guid(8a778d3675bde254e88befaec4e47cf1) Importer(815301076,1909f56bfc062723c751e8b465ee728b)  -> (artifact id: 'f7c68148cb00000ac5a202996b518023') in 0.018461 seconds
  Import took 0.022928 seconds .

========================================================================
Received Import Request.
  Time since last request: 3.011948 seconds.
  path: Assets/Prefabs/Rooms/LB.prefab
  artifactKey: Guid(8a778d3675bde254e88befaec4e47cf1) Importer(815301076,1909f56bfc062723c751e8b465ee728b)
Start importing Assets/Prefabs/Rooms/LB.prefab using Guid(8a778d3675bde254e88befaec4e47cf1) Importer(815301076,1909f56bfc062723c751e8b465ee728b)  -> (artifact id: 'fc55a52a2e902a0586aaec448a5fee25') in 0.016780 seconds
  Import took 0.119080 seconds .

========================================================================
Received Import Request.
  Time since last request: 3.304258 seconds.
  path: Assets/Prefabs/Rooms/LB.prefab
  artifactKey: Guid(8a778d3675bde254e88befaec4e47cf1) Importer(815301076,1909f56bfc062723c751e8b465ee728b)
Start importing Assets/Prefabs/Rooms/LB.prefab using Guid(8a778d3675bde254e88befaec4e47cf1) Importer(815301076,1909f56bfc062723c751e8b465ee728b)  -> (artifact id: '7ac5cac2bb554fa2e460cae092314b4e') in 0.013027 seconds
  Import took 0.018757 seconds .

========================================================================
Received Import Request.
  Time since last request: 3.192386 seconds.
  path: Assets/Prefabs/Rooms/LB.prefab
  artifactKey: Guid(8a778d3675bde254e88befaec4e47cf1) Importer(815301076,1909f56bfc062723c751e8b465ee728b)
Start importing Assets/Prefabs/Rooms/LB.prefab using Guid(8a778d3675bde254e88befaec4e47cf1) Importer(815301076,1909f56bfc062723c751e8b465ee728b)  -> (artifact id: '8e4ae44622f69d9f4b492b869d0a7e13') in 0.018752 seconds
  Import took 0.022812 seconds .

========================================================================
Received Import Request.
  Time since last request: 6.365814 seconds.
  path: Assets/Prefabs/Rooms/L.prefab
  artifactKey: Guid(ace8afba5e165224b92851be72a1168f) Importer(815301076,1909f56bfc062723c751e8b465ee728b)
Start importing Assets/Prefabs/Rooms/L.prefab using Guid(ace8afba5e165224b92851be72a1168f) Importer(815301076,1909f56bfc062723c751e8b465ee728b)  -> (artifact id: '7aab72d3329ed731d1aa34c70d8e3b01') in 0.016595 seconds
  Import took 0.021471 seconds .

========================================================================
Received Import Request.
  Time since last request: 2.841695 seconds.
  path: Assets/Prefabs/Rooms/L.prefab
  artifactKey: Guid(ace8afba5e165224b92851be72a1168f) Importer(815301076,1909f56bfc062723c751e8b465ee728b)
Start importing Assets/Prefabs/Rooms/L.prefab using Guid(ace8afba5e165224b92851be72a1168f) Importer(815301076,1909f56bfc062723c751e8b465ee728b)  -> (artifact id: '4de50c60e0008149fe0f56c9b2bef6dc') in 0.014272 seconds
  Import took 0.018188 seconds .

========================================================================
Received Import Request.
  Time since last request: 8.710666 seconds.
  path: Assets/Prefabs/Rooms/B.prefab
  artifactKey: Guid(d1d0526dacb911a4783de3da6e81a063) Importer(815301076,1909f56bfc062723c751e8b465ee728b)
Start importing Assets/Prefabs/Rooms/B.prefab using Guid(d1d0526dacb911a4783de3da6e81a063) Importer(815301076,1909f56bfc062723c751e8b465ee728b)  -> (artifact id: '15c3f580b90393e42a5030c2bb935d20') in 0.016291 seconds
  Import took 0.020589 seconds .

========================================================================
Received Import Request.
  Time since last request: 2.257942 seconds.
  path: Assets/Prefabs/Rooms/B.prefab
  artifactKey: Guid(d1d0526dacb911a4783de3da6e81a063) Importer(815301076,1909f56bfc062723c751e8b465ee728b)
Start importing Assets/Prefabs/Rooms/B.prefab using Guid(d1d0526dacb911a4783de3da6e81a063) Importer(815301076,1909f56bfc062723c751e8b465ee728b)  -> (artifact id: '64a2430067d3ca166ef7398462bd5eaa') in 0.026365 seconds
  Import took 0.031338 seconds .

========================================================================
Received Prepare
Registering precompiled user dll's ...
Registered in 0.001138 seconds.
Begin MonoManager ReloadAssembly
Native extension for WindowsStandalone target not found
Refreshing native plugins compatible for Editor in 0.42 ms, found 1 plugins.
Preloading 0 native plugins for Editor in 0.00 ms.
Invoked RoslynAnalysisRunner static constructor.
RoslynAnalysisRunner will not be running.
RoslynAnalysisRunner has terminated.
Mono: successfully reloaded assembly
- Completed reload, in  1.363 seconds
Platform modules already initialized, skipping
Refreshing native plugins compatible for Editor in 0.93 ms, found 1 plugins.
Preloading 0 native plugins for Editor in 0.00 ms.
Unloading 1794 Unused Serialized files (Serialized files now loaded: 0)
System memory in use before: 87.7 MB.
System memory in use after: 87.7 MB.

Unloading 12 unused Assets to reduce memory usage. Loaded Objects now: 2267.
Total: 2.248400 ms (FindLiveObjects: 0.265800 ms CreateObjectMapping: 0.073700 ms MarkObjects: 1.789200 ms  DeleteObjects: 0.118400 ms)

========================================================================
Received Prepare
Registering precompiled user dll's ...
Registered in 0.001073 seconds.
Begin MonoManager ReloadAssembly
Native extension for WindowsStandalone target not found
Refreshing native plugins compatible for Editor in 0.44 ms, found 1 plugins.
Preloading 0 native plugins for Editor in 0.00 ms.
Invoked RoslynAnalysisRunner static constructor.
RoslynAnalysisRunner will not be running.
RoslynAnalysisRunner has terminated.
Mono: successfully reloaded assembly
- Completed reload, in  1.424 seconds
Platform modules already initialized, skipping
Refreshing native plugins compatible for Editor in 0.37 ms, found 1 plugins.
Preloading 0 native plugins for Editor in 0.00 ms.
Unloading 1794 Unused Serialized files (Serialized files now loaded: 0)
System memory in use before: 87.7 MB.
System memory in use after: 87.7 MB.

Unloading 12 unused Assets to reduce memory usage. Loaded Objects now: 2270.
Total: 2.786500 ms (FindLiveObjects: 0.208800 ms CreateObjectMapping: 0.075100 ms MarkObjects: 2.382500 ms  DeleteObjects: 0.118700 ms)

========================================================================
Received Prepare
Registering precompiled user dll's ...
Registered in 0.001548 seconds.
Begin MonoManager ReloadAssembly
Native extension for WindowsStandalone target not found
Refreshing native plugins compatible for Editor in 0.52 ms, found 1 plugins.
Preloading 0 native plugins for Editor in 0.00 ms.
Invoked RoslynAnalysisRunner static constructor.
RoslynAnalysisRunner will not be running.
RoslynAnalysisRunner has terminated.
Mono: successfully reloaded assembly
- Completed reload, in  0.953 seconds
Platform modules already initialized, skipping
Refreshing native plugins compatible for Editor in 0.36 ms, found 1 plugins.
Preloading 0 native plugins for Editor in 0.00 ms.
Unloading 1794 Unused Serialized files (Serialized files now loaded: 0)
System memory in use before: 87.7 MB.
System memory in use after: 87.7 MB.

Unloading 12 unused Assets to reduce memory usage. Loaded Objects now: 2273.
Total: 2.209000 ms (FindLiveObjects: 0.280500 ms CreateObjectMapping: 0.077500 ms MarkObjects: 1.733800 ms  DeleteObjects: 0.116200 ms)

========================================================================
Received Prepare
Registering precompiled user dll's ...
Registered in 0.001129 seconds.
Begin MonoManager ReloadAssembly
Native extension for WindowsStandalone target not found
Refreshing native plugins compatible for Editor in 0.39 ms, found 1 plugins.
Preloading 0 native plugins for Editor in 0.00 ms.
Invoked RoslynAnalysisRunner static constructor.
RoslynAnalysisRunner will not be running.
RoslynAnalysisRunner has terminated.
Mono: successfully reloaded assembly
- Completed reload, in  1.430 seconds
Platform modules already initialized, skipping
Refreshing native plugins compatible for Editor in 0.40 ms, found 1 plugins.
Preloading 0 native plugins for Editor in 0.00 ms.
Unloading 1794 Unused Serialized files (Serialized files now loaded: 0)
System memory in use before: 87.7 MB.
System memory in use after: 87.7 MB.

Unloading 12 unused Assets to reduce memory usage. Loaded Objects now: 2276.
Total: 2.630000 ms (FindLiveObjects: 0.224700 ms CreateObjectMapping: 0.072300 ms MarkObjects: 2.107200 ms  DeleteObjects: 0.223900 ms)

========================================================================
Received Prepare
Registering precompiled user dll's ...
Registered in 0.001066 seconds.
Begin MonoManager ReloadAssembly
Native extension for WindowsStandalone target not found
Refreshing native plugins compatible for Editor in 0.53 ms, found 1 plugins.
Preloading 0 native plugins for Editor in 0.00 ms.
Invoked RoslynAnalysisRunner static constructor.
RoslynAnalysisRunner will not be running.
RoslynAnalysisRunner has terminated.
Mono: successfully reloaded assembly
- Completed reload, in  1.019 seconds
Platform modules already initialized, skipping
Refreshing native plugins compatible for Editor in 0.37 ms, found 1 plugins.
Preloading 0 native plugins for Editor in 0.00 ms.
Unloading 1794 Unused Serialized files (Serialized files now loaded: 0)
System memory in use before: 87.7 MB.
System memory in use after: 87.7 MB.

Unloading 12 unused Assets to reduce memory usage. Loaded Objects now: 2279.
Total: 2.473900 ms (FindLiveObjects: 0.210200 ms CreateObjectMapping: 0.080500 ms MarkObjects: 2.001300 ms  DeleteObjects: 0.180800 ms)

========================================================================
Received Import Request.
  Time since last request: 910.230029 seconds.
  path: Assets/Scripts/AddRoom.cs
  artifactKey: Guid(2b94176fe9debe74597d470c7e9f689e) Importer(815301076,1909f56bfc062723c751e8b465ee728b)
Start importing Assets/Scripts/AddRoom.cs using Guid(2b94176fe9debe74597d470c7e9f689e) Importer(815301076,1909f56bfc062723c751e8b465ee728b)  -> (artifact id: '3cad2f9488a4cd47c1fd5a54ffe799c9') in 0.016063 seconds
  Import took 0.020011 seconds .

========================================================================
Received Prepare
Registering precompiled user dll's ...
Registered in 0.001187 seconds.
Begin MonoManager ReloadAssembly
Native extension for WindowsStandalone target not found
Refreshing native plugins compatible for Editor in 0.39 ms, found 1 plugins.
Preloading 0 native plugins for Editor in 0.00 ms.
Invoked RoslynAnalysisRunner static constructor.
RoslynAnalysisRunner will not be running.
RoslynAnalysisRunner has terminated.
Mono: successfully reloaded assembly
- Completed reload, in  1.432 seconds
Platform modules already initialized, skipping
Refreshing native plugins compatible for Editor in 0.37 ms, found 1 plugins.
Preloading 0 native plugins for Editor in 0.00 ms.
Unloading 1795 Unused Serialized files (Serialized files now loaded: 0)
System memory in use before: 87.8 MB.
System memory in use after: 87.7 MB.

Unloading 12 unused Assets to reduce memory usage. Loaded Objects now: 2283.
Total: 2.438800 ms (FindLiveObjects: 0.253700 ms CreateObjectMapping: 0.087100 ms MarkObjects: 1.938500 ms  DeleteObjects: 0.158100 ms)

========================================================================
Received Import Request.
  Time since last request: 39.131710 seconds.
  path: Assets/Prefabs/Rooms/B.prefab
  artifactKey: Guid(d1d0526dacb911a4783de3da6e81a063) Importer(815301076,1909f56bfc062723c751e8b465ee728b)
Start importing Assets/Prefabs/Rooms/B.prefab using Guid(d1d0526dacb911a4783de3da6e81a063) Importer(815301076,1909f56bfc062723c751e8b465ee728b)  -> (artifact id: '46cbc942889db39bf3c3dbfb4b8a3bfa') in 0.076506 seconds
  Import took 0.081562 seconds .

========================================================================
Received Import Request.
  Time since last request: 4.198213 seconds.
  path: Assets/Prefabs/Rooms/L.prefab
  artifactKey: Guid(ace8afba5e165224b92851be72a1168f) Importer(815301076,1909f56bfc062723c751e8b465ee728b)
Start importing Assets/Prefabs/Rooms/L.prefab using Guid(ace8afba5e165224b92851be72a1168f) Importer(815301076,1909f56bfc062723c751e8b465ee728b)  -> (artifact id: '1cfad5823d0c81ce9b8099c63ec81d69') in 0.014017 seconds
  Import took 0.020617 seconds .

========================================================================
Received Import Request.
  Time since last request: 3.985851 seconds.
  path: Assets/Prefabs/Rooms/LB.prefab
  artifactKey: Guid(8a778d3675bde254e88befaec4e47cf1) Importer(815301076,1909f56bfc062723c751e8b465ee728b)
Start importing Assets/Prefabs/Rooms/LB.prefab using Guid(8a778d3675bde254e88befaec4e47cf1) Importer(815301076,1909f56bfc062723c751e8b465ee728b)  -> (artifact id: 'd48b3b447e7ce1e9c724244ab4e9b016') in 0.013621 seconds
  Import took 0.017779 seconds .

========================================================================
Received Import Request.
  Time since last request: 3.218050 seconds.
  path: Assets/Prefabs/Rooms/LR.prefab
  artifactKey: Guid(430ea380524c1fc4d9aa3af7d729e813) Importer(815301076,1909f56bfc062723c751e8b465ee728b)
Start importing Assets/Prefabs/Rooms/LR.prefab using Guid(430ea380524c1fc4d9aa3af7d729e813) Importer(815301076,1909f56bfc062723c751e8b465ee728b)  -> (artifact id: 'decc5f57b2353d36adccad220c66ee2b') in 0.014366 seconds
  Import took 0.019884 seconds .

========================================================================
Received Import Request.
  Time since last request: 3.057332 seconds.
  path: Assets/Prefabs/Rooms/R.prefab
  artifactKey: Guid(153ca55493dbc504fbc979e50e46cc16) Importer(815301076,1909f56bfc062723c751e8b465ee728b)
Start importing Assets/Prefabs/Rooms/R.prefab using Guid(153ca55493dbc504fbc979e50e46cc16) Importer(815301076,1909f56bfc062723c751e8b465ee728b)  -> (artifact id: 'f300ba52c1e7bcea72b985211585ea4e') in 0.017619 seconds
  Import took 0.032360 seconds .

========================================================================
Received Import Request.
  Time since last request: 3.240228 seconds.
  path: Assets/Prefabs/Rooms/RB.prefab
  artifactKey: Guid(4d1d50ec53ec4134298e8003a93c3c45) Importer(815301076,1909f56bfc062723c751e8b465ee728b)
Start importing Assets/Prefabs/Rooms/RB.prefab using Guid(4d1d50ec53ec4134298e8003a93c3c45) Importer(815301076,1909f56bfc062723c751e8b465ee728b)  -> (artifact id: '8826194bb4f9aa9db051bd7232cdfbd6') in 0.016156 seconds
  Import took 0.029617 seconds .

========================================================================
Received Import Request.
  Time since last request: 2.721658 seconds.
  path: Assets/Prefabs/Rooms/T.prefab
  artifactKey: Guid(f67006593c745cf4db584ba84f61162e) Importer(815301076,1909f56bfc062723c751e8b465ee728b)
Start importing Assets/Prefabs/Rooms/T.prefab using Guid(f67006593c745cf4db584ba84f61162e) Importer(815301076,1909f56bfc062723c751e8b465ee728b)  -> (artifact id: '669d915503cacd5b77a21913cb1dfab2') in 0.016531 seconds
  Import took 0.130159 seconds .

========================================================================
Received Import Request.
  Time since last request: 2.883477 seconds.
  path: Assets/Prefabs/Rooms/TB.prefab
  artifactKey: Guid(e54d89758e863714aa4f3a73c6296eb3) Importer(815301076,1909f56bfc062723c751e8b465ee728b)
Start importing Assets/Prefabs/Rooms/TB.prefab using Guid(e54d89758e863714aa4f3a73c6296eb3) Importer(815301076,1909f56bfc062723c751e8b465ee728b)  -> (artifact id: '11dd993de763c7a9ddbba29a26d8ff8a') in 0.015853 seconds
  Import took 0.020685 seconds .

========================================================================
Received Import Request.
  Time since last request: 2.452106 seconds.
  path: Assets/Prefabs/Rooms/TL.prefab
  artifactKey: Guid(f3bfbd73af379cf43831268df8fbdb18) Importer(815301076,1909f56bfc062723c751e8b465ee728b)
Start importing Assets/Prefabs/Rooms/TL.prefab using Guid(f3bfbd73af379cf43831268df8fbdb18) Importer(815301076,1909f56bfc062723c751e8b465ee728b)  -> (artifact id: 'c54f80796a681b4f37d66b6cadb3f629') in 0.014078 seconds
  Import took 0.020869 seconds .

========================================================================
Received Import Request.
  Time since last request: 3.116626 seconds.
  path: Assets/Prefabs/Rooms/TLRB.prefab
  artifactKey: Guid(7b723b7766904e4468b9d724d96c0a71) Importer(815301076,1909f56bfc062723c751e8b465ee728b)
Start importing Assets/Prefabs/Rooms/TLRB.prefab using Guid(7b723b7766904e4468b9d724d96c0a71) Importer(815301076,1909f56bfc062723c751e8b465ee728b)  -> (artifact id: 'd7e1f3ec983fbcee0018045409d16089') in 0.016092 seconds
  Import took 0.124558 seconds .

========================================================================
Received Import Request.
  Time since last request: 2.735332 seconds.
  path: Assets/Prefabs/Rooms/TR.prefab
  artifactKey: Guid(57eb535c065adbc478ff16a341aeec7a) Importer(815301076,1909f56bfc062723c751e8b465ee728b)
Start importing Assets/Prefabs/Rooms/TR.prefab using Guid(57eb535c065adbc478ff16a341aeec7a) Importer(815301076,1909f56bfc062723c751e8b465ee728b)  -> (artifact id: '3686615f93f06ac501c8f262c1e03e4c') in 0.012164 seconds
  Import took 0.016849 seconds .

========================================================================
Received Prepare
Registering precompiled user dll's ...
Registered in 0.001104 seconds.
Begin MonoManager ReloadAssembly
Native extension for WindowsStandalone target not found
Refreshing native plugins compatible for Editor in 0.56 ms, found 1 plugins.
Preloading 0 native plugins for Editor in 0.00 ms.
Invoked RoslynAnalysisRunner static constructor.
RoslynAnalysisRunner will not be running.
RoslynAnalysisRunner has terminated.
Mono: successfully reloaded assembly
- Completed reload, in  1.000 seconds
Platform modules already initialized, skipping
Refreshing native plugins compatible for Editor in 0.46 ms, found 1 plugins.
Preloading 0 native plugins for Editor in 0.00 ms.
Unloading 1795 Unused Serialized files (Serialized files now loaded: 0)
System memory in use before: 87.8 MB.
System memory in use after: 87.8 MB.

Unloading 12 unused Assets to reduce memory usage. Loaded Objects now: 2287.
Total: 3.418800 ms (FindLiveObjects: 0.423500 ms CreateObjectMapping: 0.101400 ms MarkObjects: 2.738600 ms  DeleteObjects: 0.153600 ms)

========================================================================
Received Import Request.
  Time since last request: 976.983758 seconds.
  path: Assets/Scripts/AddRoom.cs
  artifactKey: Guid(2b94176fe9debe74597d470c7e9f689e) Importer(815301076,1909f56bfc062723c751e8b465ee728b)
Start importing Assets/Scripts/AddRoom.cs using Guid(2b94176fe9debe74597d470c7e9f689e) Importer(815301076,1909f56bfc062723c751e8b465ee728b)  -> (artifact id: '820a118484018a0fde0b5d87a07807a8') in 0.005601 seconds
  Import took 0.008871 seconds .

========================================================================
Received Import Request.
  Time since last request: 159.744948 seconds.
  path: Assets/Sprites/boss.jpg
  artifactKey: Guid(6e977182e6627754ca975a9dfc2b2d90) Importer(815301076,1909f56bfc062723c751e8b465ee728b)
Start importing Assets/Sprites/boss.jpg using Guid(6e977182e6627754ca975a9dfc2b2d90) Importer(815301076,1909f56bfc062723c751e8b465ee728b)  -> (artifact id: '5e4b390939e8f7593679275a7c4f0c6c') in 0.078240 seconds
  Import took 0.096137 seconds .

========================================================================
Received Import Request.
  Time since last request: 47.752071 seconds.
  path: Assets/Prefabs/Rooms/boss.prefab
  artifactKey: Guid(e2d3d7b3e17280e47900bfa2a982cc41) Importer(815301076,1909f56bfc062723c751e8b465ee728b)
Start importing Assets/Prefabs/Rooms/boss.prefab using Guid(e2d3d7b3e17280e47900bfa2a982cc41) Importer(815301076,1909f56bfc062723c751e8b465ee728b)  -> (artifact id: 'b35c2d7f70f75d7dba249577e63750ed') in 0.045853 seconds
  Import took 0.049871 seconds .

========================================================================
Received Prepare
Registering precompiled user dll's ...
Registered in 0.001219 seconds.
Begin MonoManager ReloadAssembly
Native extension for WindowsStandalone target not found
Refreshing native plugins compatible for Editor in 0.37 ms, found 1 plugins.
Preloading 0 native plugins for Editor in 0.00 ms.
Invoked RoslynAnalysisRunner static constructor.
RoslynAnalysisRunner will not be running.
RoslynAnalysisRunner has terminated.
Mono: successfully reloaded assembly
- Completed reload, in  1.273 seconds
Platform modules already initialized, skipping
Refreshing native plugins compatible for Editor in 0.35 ms, found 1 plugins.
Preloading 0 native plugins for Editor in 0.00 ms.
Unloading 1795 Unused Serialized files (Serialized files now loaded: 0)
System memory in use before: 87.8 MB.
System memory in use after: 87.8 MB.

Unloading 12 unused Assets to reduce memory usage. Loaded Objects now: 2293.
Total: 2.528400 ms (FindLiveObjects: 0.211600 ms CreateObjectMapping: 0.080800 ms MarkObjects: 2.103900 ms  DeleteObjects: 0.130600 ms)

========================================================================
Received Prepare
Registering precompiled user dll's ...
Registered in 0.001032 seconds.
Begin MonoManager ReloadAssembly
Native extension for WindowsStandalone target not found
Refreshing native plugins compatible for Editor in 0.38 ms, found 1 plugins.
Preloading 0 native plugins for Editor in 0.00 ms.
Invoked RoslynAnalysisRunner static constructor.
RoslynAnalysisRunner will not be running.
RoslynAnalysisRunner has terminated.
Mono: successfully reloaded assembly
- Completed reload, in  1.362 seconds
Platform modules already initialized, skipping
Refreshing native plugins compatible for Editor in 0.36 ms, found 1 plugins.
Preloading 0 native plugins for Editor in 0.00 ms.
Unloading 1795 Unused Serialized files (Serialized files now loaded: 0)
System memory in use before: 87.8 MB.
System memory in use after: 87.8 MB.

Unloading 12 unused Assets to reduce memory usage. Loaded Objects now: 2296.
Total: 2.269800 ms (FindLiveObjects: 0.207400 ms CreateObjectMapping: 0.072300 ms MarkObjects: 1.858600 ms  DeleteObjects: 0.129900 ms)

========================================================================
Received Prepare
Registering precompiled user dll's ...
Registered in 0.001048 seconds.
Begin MonoManager ReloadAssembly
Native extension for WindowsStandalone target not found
Refreshing native plugins compatible for Editor in 0.50 ms, found 1 plugins.
Preloading 0 native plugins for Editor in 0.00 ms.
Invoked RoslynAnalysisRunner static constructor.
RoslynAnalysisRunner will not be running.
RoslynAnalysisRunner has terminated.
Mono: successfully reloaded assembly
- Completed reload, in  1.325 seconds
Platform modules already initialized, skipping
Refreshing native plugins compatible for Editor in 0.34 ms, found 1 plugins.
Preloading 0 native plugins for Editor in 0.00 ms.
Unloading 1795 Unused Serialized files (Serialized files now loaded: 0)
System memory in use before: 87.8 MB.
System memory in use after: 87.8 MB.

Unloading 12 unused Assets to reduce memory usage. Loaded Objects now: 2299.
Total: 2.690500 ms (FindLiveObjects: 0.292800 ms CreateObjectMapping: 0.100600 ms MarkObjects: 2.178600 ms  DeleteObjects: 0.116800 ms)

========================================================================
Received Prepare
Registering precompiled user dll's ...
Registered in 0.001126 seconds.
Begin MonoManager ReloadAssembly
Native extension for WindowsStandalone target not found
Refreshing native plugins compatible for Editor in 0.40 ms, found 1 plugins.
Preloading 0 native plugins for Editor in 0.00 ms.
Invoked RoslynAnalysisRunner static constructor.
RoslynAnalysisRunner will not be running.
RoslynAnalysisRunner has terminated.
Mono: successfully reloaded assembly
- Completed reload, in  0.957 seconds
Platform modules already initialized, skipping
Refreshing native plugins compatible for Editor in 1.50 ms, found 1 plugins.
Preloading 0 native plugins for Editor in 0.00 ms.
Unloading 1795 Unused Serialized files (Serialized files now loaded: 0)
System memory in use before: 87.8 MB.
System memory in use after: 87.8 MB.

Unloading 12 unused Assets to reduce memory usage. Loaded Objects now: 2302.
Total: 2.556800 ms (FindLiveObjects: 0.206200 ms CreateObjectMapping: 0.071700 ms MarkObjects: 2.116200 ms  DeleteObjects: 0.161700 ms)

========================================================================
Received Prepare
Registering precompiled user dll's ...
Registered in 0.001020 seconds.
Begin MonoManager ReloadAssembly
Native extension for WindowsStandalone target not found
Refreshing native plugins compatible for Editor in 0.41 ms, found 1 plugins.
Preloading 0 native plugins for Editor in 0.00 ms.
Invoked RoslynAnalysisRunner static constructor.
RoslynAnalysisRunner will not be running.
RoslynAnalysisRunner has terminated.
Mono: successfully reloaded assembly
- Completed reload, in  1.310 seconds
Platform modules already initialized, skipping
Refreshing native plugins compatible for Editor in 0.35 ms, found 1 plugins.
Preloading 0 native plugins for Editor in 0.00 ms.
Unloading 1795 Unused Serialized files (Serialized files now loaded: 0)
System memory in use before: 87.8 MB.
System memory in use after: 87.8 MB.

Unloading 12 unused Assets to reduce memory usage. Loaded Objects now: 2305.
Total: 2.500400 ms (FindLiveObjects: 0.232700 ms CreateObjectMapping: 0.073800 ms MarkObjects: 2.034400 ms  DeleteObjects: 0.158300 ms)

========================================================================
Received Prepare
Registering precompiled user dll's ...
Registered in 0.001711 seconds.
Begin MonoManager ReloadAssembly
Native extension for WindowsStandalone target not found
Refreshing native plugins compatible for Editor in 0.35 ms, found 1 plugins.
Preloading 0 native plugins for Editor in 0.00 ms.
Invoked RoslynAnalysisRunner static constructor.
RoslynAnalysisRunner will not be running.
RoslynAnalysisRunner has terminated.
Mono: successfully reloaded assembly
- Completed reload, in  1.604 seconds
Platform modules already initialized, skipping
Refreshing native plugins compatible for Editor in 0.35 ms, found 1 plugins.
Preloading 0 native plugins for Editor in 0.00 ms.
Unloading 1795 Unused Serialized files (Serialized files now loaded: 0)
System memory in use before: 87.8 MB.
System memory in use after: 87.8 MB.

Unloading 12 unused Assets to reduce memory usage. Loaded Objects now: 2308.
Total: 2.518500 ms (FindLiveObjects: 0.231100 ms CreateObjectMapping: 0.084700 ms MarkObjects: 2.060300 ms  DeleteObjects: 0.141400 ms)

========================================================================
Received Import Request.
  Time since last request: 693.191128 seconds.
  path: Assets/Prefabs/Rooms/T.prefab
  artifactKey: Guid(f67006593c745cf4db584ba84f61162e) Importer(815301076,1909f56bfc062723c751e8b465ee728b)
Start importing Assets/Prefabs/Rooms/T.prefab using Guid(f67006593c745cf4db584ba84f61162e) Importer(815301076,1909f56bfc062723c751e8b465ee728b)  -> (artifact id: '595f3c6b12d2f5c3e7816d250f12ae84') in 0.071754 seconds
  Import took 0.205837 seconds .

========================================================================
Received Import Request.
  Time since last request: 0.000597 seconds.
  path: Assets/Prefabs/Rooms/TR.prefab
  artifactKey: Guid(57eb535c065adbc478ff16a341aeec7a) Importer(815301076,1909f56bfc062723c751e8b465ee728b)
Start importing Assets/Prefabs/Rooms/TR.prefab using Guid(57eb535c065adbc478ff16a341aeec7a) Importer(815301076,1909f56bfc062723c751e8b465ee728b)  -> (artifact id: '364617a05ce2f3ab1e4e9e5a8ecbcb4c') in 0.031794 seconds
  Import took 0.038228 seconds .

========================================================================
Received Import Request.
  Time since last request: 0.000680 seconds.
  path: Assets/Prefabs/Rooms/LB.prefab
  artifactKey: Guid(8a778d3675bde254e88befaec4e47cf1) Importer(815301076,1909f56bfc062723c751e8b465ee728b)
Start importing Assets/Prefabs/Rooms/LB.prefab using Guid(8a778d3675bde254e88befaec4e47cf1) Importer(815301076,1909f56bfc062723c751e8b465ee728b)  -> (artifact id: '2f0c1f54560af093897fc12e4a37e7ce') in 0.015663 seconds
  Import took 0.030168 seconds .

========================================================================
Received Import Request.
  Time since last request: 0.000406 seconds.
  path: Assets/Prefabs/Rooms/R.prefab
  artifactKey: Guid(153ca55493dbc504fbc979e50e46cc16) Importer(815301076,1909f56bfc062723c751e8b465ee728b)
Start importing Assets/Prefabs/Rooms/R.prefab using Guid(153ca55493dbc504fbc979e50e46cc16) Importer(815301076,1909f56bfc062723c751e8b465ee728b)  -> (artifact id: 'e54615a8fc16e9d2a67cce519d846ba2') in 0.018390 seconds
  Import took 0.044329 seconds .

========================================================================
Received Import Request.
  Time since last request: 0.000237 seconds.
  path: Assets/Prefabs/Rooms/TLRB.prefab
  artifactKey: Guid(7b723b7766904e4468b9d724d96c0a71) Importer(815301076,1909f56bfc062723c751e8b465ee728b)
Start importing Assets/Prefabs/Rooms/TLRB.prefab using Guid(7b723b7766904e4468b9d724d96c0a71) Importer(815301076,1909f56bfc062723c751e8b465ee728b)  -> (artifact id: 'bdb4b9c3a69dd72f650c816561fca517') in 0.016295 seconds
  Import took 0.024654 seconds .

========================================================================
Received Import Request.
  Time since last request: 0.000263 seconds.
  path: Assets/Prefabs/Rooms/TB.prefab
  artifactKey: Guid(e54d89758e863714aa4f3a73c6296eb3) Importer(815301076,1909f56bfc062723c751e8b465ee728b)
Start importing Assets/Prefabs/Rooms/TB.prefab using Guid(e54d89758e863714aa4f3a73c6296eb3) Importer(815301076,1909f56bfc062723c751e8b465ee728b)  -> (artifact id: 'e60742c35effd88e6d5fa9b175dbec45') in 0.014060 seconds
  Import took 0.018981 seconds .

========================================================================
Received Import Request.
  Time since last request: 0.000272 seconds.
  path: Assets/Prefabs/Rooms/L.prefab
  artifactKey: Guid(ace8afba5e165224b92851be72a1168f) Importer(815301076,1909f56bfc062723c751e8b465ee728b)
Start importing Assets/Prefabs/Rooms/L.prefab using Guid(ace8afba5e165224b92851be72a1168f) Importer(815301076,1909f56bfc062723c751e8b465ee728b)  -> (artifact id: 'ae41eea700ba3c04807d9c864d1e7aac') in 0.017218 seconds
  Import took 0.072153 seconds .

========================================================================
Received Import Request.
  Time since last request: 0.000314 seconds.
  path: Assets/Prefabs/Rooms/LR.prefab
  artifactKey: Guid(430ea380524c1fc4d9aa3af7d729e813) Importer(815301076,1909f56bfc062723c751e8b465ee728b)
Start importing Assets/Prefabs/Rooms/LR.prefab using Guid(430ea380524c1fc4d9aa3af7d729e813) Importer(815301076,1909f56bfc062723c751e8b465ee728b)  -> (artifact id: '3e58c1f7638288ba5877dea33a7733dd') in 0.015447 seconds
  Import took 0.045917 seconds .

========================================================================
Received Import Request.
  Time since last request: 0.000338 seconds.
  path: Assets/Prefabs/Rooms/RB.prefab
  artifactKey: Guid(4d1d50ec53ec4134298e8003a93c3c45) Importer(815301076,1909f56bfc062723c751e8b465ee728b)
Start importing Assets/Prefabs/Rooms/RB.prefab using Guid(4d1d50ec53ec4134298e8003a93c3c45) Importer(815301076,1909f56bfc062723c751e8b465ee728b)  -> (artifact id: 'a43da6cab1cf7690d80fe9cad97c0a69') in 0.011768 seconds
  Import took 0.077395 seconds .

========================================================================
Received Import Request.
  Time since last request: 0.000285 seconds.
  path: Assets/Prefabs/Rooms/B.prefab
  artifactKey: Guid(d1d0526dacb911a4783de3da6e81a063) Importer(815301076,1909f56bfc062723c751e8b465ee728b)
Start importing Assets/Prefabs/Rooms/B.prefab using Guid(d1d0526dacb911a4783de3da6e81a063) Importer(815301076,1909f56bfc062723c751e8b465ee728b)  -> (artifact id: 'ef87caac71977b8413a601fa3ddda4c6') in 0.010535 seconds
  Import took 0.014112 seconds .

========================================================================
Received Import Request.
  Time since last request: 0.000323 seconds.
  path: Assets/Prefabs/Rooms/TL.prefab
  artifactKey: Guid(f3bfbd73af379cf43831268df8fbdb18) Importer(815301076,1909f56bfc062723c751e8b465ee728b)
Start importing Assets/Prefabs/Rooms/TL.prefab using Guid(f3bfbd73af379cf43831268df8fbdb18) Importer(815301076,1909f56bfc062723c751e8b465ee728b)  -> (artifact id: 'a9b923c3d4e5ff0968d85a5c2ead7e6c') in 0.010010 seconds
  Import took 0.014699 seconds .

========================================================================
Received Prepare
Registering precompiled user dll's ...
Registered in 0.001132 seconds.
Begin MonoManager ReloadAssembly
Native extension for WindowsStandalone target not found
Refreshing native plugins compatible for Editor in 0.35 ms, found 1 plugins.
Preloading 0 native plugins for Editor in 0.00 ms.
Invoked RoslynAnalysisRunner static constructor.
RoslynAnalysisRunner will not be running.
RoslynAnalysisRunner has terminated.
Mono: successfully reloaded assembly
- Completed reload, in  0.979 seconds
Platform modules already initialized, skipping
Refreshing native plugins compatible for Editor in 0.47 ms, found 1 plugins.
Preloading 0 native plugins for Editor in 0.00 ms.
Unloading 1795 Unused Serialized files (Serialized files now loaded: 0)
System memory in use before: 87.9 MB.
System memory in use after: 87.9 MB.

Unloading 12 unused Assets to reduce memory usage. Loaded Objects now: 2312.
Total: 6.021700 ms (FindLiveObjects: 0.406000 ms CreateObjectMapping: 0.090100 ms MarkObjects: 5.332500 ms  DeleteObjects: 0.191400 ms)

========================================================================
Received Prepare
Registering precompiled user dll's ...
Registered in 0.001176 seconds.
Begin MonoManager ReloadAssembly
Native extension for WindowsStandalone target not found
Refreshing native plugins compatible for Editor in 0.36 ms, found 1 plugins.
Preloading 0 native plugins for Editor in 0.00 ms.
Invoked RoslynAnalysisRunner static constructor.
RoslynAnalysisRunner will not be running.
RoslynAnalysisRunner has terminated.
Mono: successfully reloaded assembly
- Completed reload, in  0.979 seconds
Platform modules already initialized, skipping
Refreshing native plugins compatible for Editor in 0.37 ms, found 1 plugins.
Preloading 0 native plugins for Editor in 0.00 ms.
Unloading 1795 Unused Serialized files (Serialized files now loaded: 0)
System memory in use before: 87.9 MB.
System memory in use after: 87.9 MB.

Unloading 12 unused Assets to reduce memory usage. Loaded Objects now: 2315.
Total: 2.625800 ms (FindLiveObjects: 0.309400 ms CreateObjectMapping: 0.083600 ms MarkObjects: 2.061000 ms  DeleteObjects: 0.170300 ms)

========================================================================
Received Prepare
Registering precompiled user dll's ...
Registered in 0.001946 seconds.
Begin MonoManager ReloadAssembly
Native extension for WindowsStandalone target not found
Refreshing native plugins compatible for Editor in 0.43 ms, found 1 plugins.
Preloading 0 native plugins for Editor in 0.00 ms.
Invoked RoslynAnalysisRunner static constructor.
RoslynAnalysisRunner will not be running.
RoslynAnalysisRunner has terminated.
Mono: successfully reloaded assembly
- Completed reload, in  1.293 seconds
Platform modules already initialized, skipping
Refreshing native plugins compatible for Editor in 0.60 ms, found 1 plugins.
Preloading 0 native plugins for Editor in 0.00 ms.
Unloading 1795 Unused Serialized files (Serialized files now loaded: 0)
System memory in use before: 87.9 MB.
System memory in use after: 87.9 MB.

Unloading 12 unused Assets to reduce memory usage. Loaded Objects now: 2318.
Total: 2.597300 ms (FindLiveObjects: 0.231600 ms CreateObjectMapping: 0.092000 ms MarkObjects: 2.157300 ms  DeleteObjects: 0.115300 ms)

========================================================================
Received Prepare
Registering precompiled user dll's ...
Registered in 0.001101 seconds.
Begin MonoManager ReloadAssembly
Native extension for WindowsStandalone target not found
Refreshing native plugins compatible for Editor in 0.43 ms, found 1 plugins.
Preloading 0 native plugins for Editor in 0.00 ms.
Invoked RoslynAnalysisRunner static constructor.
RoslynAnalysisRunner will not be running.
RoslynAnalysisRunner has terminated.
Mono: successfully reloaded assembly
- Completed reload, in  1.023 seconds
Platform modules already initialized, skipping
Refreshing native plugins compatible for Editor in 0.35 ms, found 1 plugins.
Preloading 0 native plugins for Editor in 0.00 ms.
Unloading 1795 Unused Serialized files (Serialized files now loaded: 0)
System memory in use before: 87.9 MB.
System memory in use after: 87.9 MB.

Unloading 12 unused Assets to reduce memory usage. Loaded Objects now: 2321.
Total: 2.348200 ms (FindLiveObjects: 0.269500 ms CreateObjectMapping: 0.116700 ms MarkObjects: 1.806900 ms  DeleteObjects: 0.153700 ms)

========================================================================
Received Prepare
Registering precompiled user dll's ...
Registered in 0.001745 seconds.
Begin MonoManager ReloadAssembly
Native extension for WindowsStandalone target not found
Refreshing native plugins compatible for Editor in 0.48 ms, found 1 plugins.
Preloading 0 native plugins for Editor in 0.00 ms.
Invoked RoslynAnalysisRunner static constructor.
RoslynAnalysisRunner will not be running.
RoslynAnalysisRunner has terminated.
Mono: successfully reloaded assembly
- Completed reload, in  1.389 seconds
Platform modules already initialized, skipping
Refreshing native plugins compatible for Editor in 0.40 ms, found 1 plugins.
Preloading 0 native plugins for Editor in 0.00 ms.
Unloading 1795 Unused Serialized files (Serialized files now loaded: 0)
System memory in use before: 87.9 MB.
System memory in use after: 87.9 MB.

Unloading 12 unused Assets to reduce memory usage. Loaded Objects now: 2324.
Total: 2.464100 ms (FindLiveObjects: 0.278800 ms CreateObjectMapping: 0.107200 ms MarkObjects: 1.934400 ms  DeleteObjects: 0.142500 ms)

========================================================================
Received Prepare
Registering precompiled user dll's ...
Registered in 0.001032 seconds.
Begin MonoManager ReloadAssembly
Native extension for WindowsStandalone target not found
Refreshing native plugins compatible for Editor in 0.45 ms, found 1 plugins.
Preloading 0 native plugins for Editor in 0.00 ms.
Invoked RoslynAnalysisRunner static constructor.
RoslynAnalysisRunner will not be running.
RoslynAnalysisRunner has terminated.
Mono: successfully reloaded assembly
- Completed reload, in  1.292 seconds
Platform modules already initialized, skipping
Refreshing native plugins compatible for Editor in 0.41 ms, found 1 plugins.
Preloading 0 native plugins for Editor in 0.00 ms.
Unloading 1795 Unused Serialized files (Serialized files now loaded: 0)
System memory in use before: 87.9 MB.
System memory in use after: 87.9 MB.

Unloading 12 unused Assets to reduce memory usage. Loaded Objects now: 2327.
Total: 2.213100 ms (FindLiveObjects: 0.202000 ms CreateObjectMapping: 0.068000 ms MarkObjects: 1.817700 ms  DeleteObjects: 0.124600 ms)

========================================================================
Received Prepare
Registering precompiled user dll's ...
Registered in 0.002656 seconds.
Begin MonoManager ReloadAssembly
Native extension for WindowsStandalone target not found
Refreshing native plugins compatible for Editor in 0.56 ms, found 1 plugins.
Preloading 0 native plugins for Editor in 0.00 ms.
Invoked RoslynAnalysisRunner static constructor.
RoslynAnalysisRunner will not be running.
RoslynAnalysisRunner has terminated.
Mono: successfully reloaded assembly
- Completed reload, in  4.390 seconds
Platform modules already initialized, skipping
Refreshing native plugins compatible for Editor in 0.40 ms, found 1 plugins.
Preloading 0 native plugins for Editor in 0.00 ms.
Unloading 1795 Unused Serialized files (Serialized files now loaded: 0)
System memory in use before: 87.9 MB.
System memory in use after: 87.9 MB.

Unloading 12 unused Assets to reduce memory usage. Loaded Objects now: 2330.
Total: 2.204100 ms (FindLiveObjects: 0.213800 ms CreateObjectMapping: 0.079400 ms MarkObjects: 1.788800 ms  DeleteObjects: 0.120900 ms)

========================================================================
Received Prepare
Registering precompiled user dll's ...
Registered in 0.001422 seconds.
Begin MonoManager ReloadAssembly
Native extension for WindowsStandalone target not found
Refreshing native plugins compatible for Editor in 0.38 ms, found 1 plugins.
Preloading 0 native plugins for Editor in 0.00 ms.
Invoked RoslynAnalysisRunner static constructor.
RoslynAnalysisRunner will not be running.
RoslynAnalysisRunner has terminated.
Mono: successfully reloaded assembly
- Completed reload, in  1.453 seconds
Platform modules already initialized, skipping
Refreshing native plugins compatible for Editor in 0.37 ms, found 1 plugins.
Preloading 0 native plugins for Editor in 0.00 ms.
Unloading 1795 Unused Serialized files (Serialized files now loaded: 0)
System memory in use before: 87.9 MB.
System memory in use after: 87.9 MB.

Unloading 12 unused Assets to reduce memory usage. Loaded Objects now: 2333.
Total: 2.360200 ms (FindLiveObjects: 0.219900 ms CreateObjectMapping: 0.069700 ms MarkObjects: 1.949500 ms  DeleteObjects: 0.120000 ms)

========================================================================
Received Prepare
Registering precompiled user dll's ...
Registered in 0.001411 seconds.
Begin MonoManager ReloadAssembly
Native extension for WindowsStandalone target not found
Refreshing native plugins compatible for Editor in 0.42 ms, found 1 plugins.
Preloading 0 native plugins for Editor in 0.00 ms.
Invoked RoslynAnalysisRunner static constructor.
RoslynAnalysisRunner will not be running.
RoslynAnalysisRunner has terminated.
Mono: successfully reloaded assembly
- Completed reload, in  1.762 seconds
Platform modules already initialized, skipping
Refreshing native plugins compatible for Editor in 0.42 ms, found 1 plugins.
Preloading 0 native plugins for Editor in 0.00 ms.
Unloading 1795 Unused Serialized files (Serialized files now loaded: 0)
System memory in use before: 88.0 MB.
System memory in use after: 87.9 MB.

Unloading 12 unused Assets to reduce memory usage. Loaded Objects now: 2336.
Total: 3.200800 ms (FindLiveObjects: 0.256400 ms CreateObjectMapping: 0.090000 ms MarkObjects: 2.703300 ms  DeleteObjects: 0.149600 ms)

AssetImportWorkerClient::OnTransportError - code=2 error=End of file
